{
  "RSpec": {
    "coverage": {
      "/home/ErinRRose/tic-tac-toe-rb-online-web-sp-000/lib/tic_tac_toe.rb": [
        null,
        1,
        null,
        null,
        null,
        null,
        null,
        null,
        null,
        null,
        1,
        26,
        26,
        26,
        26,
        26,
        null,
        null,
        1,
        9340,
        null,
        null,
        1,
        24,
        null,
        null,
        1,
        9418,
        null,
        null,
        1,
        9340,
        null,
        null,
        1,
        9338,
        9337,
        9337,
        9337,
        21,
        21,
        null,
        9316,
        null,
        null,
        null,
        1,
        12,
        20,
        null,
        null,
        11,
        5,
        6,
        6,
        null,
        null,
        null,
        1,
        230,
        null,
        23,
        23,
        207,
        34,
        null,
        null,
        23,
        null,
        null,
        1,
        22,
        null,
        null,
        1,
        39,
        264,
        null,
        null,
        null,
        null,
        null,
        1,
        168,
        null,
        null,
        1,
        11,
        null,
        null,
        1,
        23,
        null,
        null,
        1,
        3,
        2,
        null,
        null
      ]
    },
    "timestamp": 1572316050
  }
}
