{
  "RSpec": {
    "coverage": {
      "/home/ErinRRose/tic-tac-toe-rb-online-web-sp-000/lib/tic_tac_toe.rb": [
        null,
        1,
        null,
        null,
        null,
        null,
        null,
        null,
        null,
        null,
        1,
        26,
        26,
        26,
        26,
        26,
        null,
        null,
        1,
        9340,
        null,
        null,
        1,
        24,
        null,
        null,
        1,
        9424,
        null,
        null,
        1,
        9340,
        null,
        null,
        1,
        9339,
        9338,
        9337,
        9337,
        21,
        21,
        null,
        9316,
        null,
        null,
        null,
        1,
        null,
        12,
        22,
        null,
        null,
        9,
        5,
        4,
        4,
        null,
        null,
        null,
        1,
        230,
        null,
        23,
        23,
        207,
        34,
        null,
        null,
        23,
        null,
        null,
        1,
        22,
        null,
        null,
        1,
        41,
        261,
        null,
        null,
        null,
        null,
        null,
        1,
        208,
        null,
        null,
        1,
        20,
        null,
        null,
        1,
        23,
        null,
        null,
        1,
        7,
        6,
        null,
        null
      ]
    },
    "timestamp": 1572317202
  }
}
